c:\users\menglima\documents\school\junior\semester 2\applied programming concepts\5_implementation\assignment5\debug\sqlite3.dll
c:\users\menglima\documents\school\junior\semester 2\applied programming concepts\5_implementation\assignment5\debug\vc142.pdb
c:\users\menglima\documents\school\junior\semester 2\applied programming concepts\5_implementation\assignment5\debug\vc142.idb
c:\users\menglima\documents\school\junior\semester 2\applied programming concepts\5_implementation\assignment5\debug\main.obj
c:\users\menglima\documents\school\junior\semester 2\applied programming concepts\5_implementation\assignment5\debug\assignment5.pdb
c:\users\menglima\documents\school\junior\semester 2\applied programming concepts\5_implementation\assignment5\debug\assignment5.tlog\assignment5.write.1u.tlog
c:\users\menglima\documents\school\junior\semester 2\applied programming concepts\5_implementation\assignment5\debug\assignment5.tlog\cl.command.1.tlog
c:\users\menglima\documents\school\junior\semester 2\applied programming concepts\5_implementation\assignment5\debug\assignment5.tlog\cl.read.1.tlog
c:\users\menglima\documents\school\junior\semester 2\applied programming concepts\5_implementation\assignment5\debug\assignment5.tlog\cl.write.1.tlog
c:\users\menglima\documents\school\junior\semester 2\applied programming concepts\5_implementation\assignment5\debug\assignment5.tlog\link-cvtres.read.1.tlog
c:\users\menglima\documents\school\junior\semester 2\applied programming concepts\5_implementation\assignment5\debug\assignment5.tlog\link-cvtres.write.1.tlog
c:\users\menglima\documents\school\junior\semester 2\applied programming concepts\5_implementation\assignment5\debug\assignment5.tlog\link-rc.read.1.tlog
c:\users\menglima\documents\school\junior\semester 2\applied programming concepts\5_implementation\assignment5\debug\assignment5.tlog\link-rc.write.1.tlog
c:\users\menglima\documents\school\junior\semester 2\applied programming concepts\5_implementation\assignment5\debug\assignment5.tlog\link.2736-cvtres.read.1.tlog
c:\users\menglima\documents\school\junior\semester 2\applied programming concepts\5_implementation\assignment5\debug\assignment5.tlog\link.2736-cvtres.write.1.tlog
c:\users\menglima\documents\school\junior\semester 2\applied programming concepts\5_implementation\assignment5\debug\assignment5.tlog\link.2736-rc.read.1.tlog
c:\users\menglima\documents\school\junior\semester 2\applied programming concepts\5_implementation\assignment5\debug\assignment5.tlog\link.2736-rc.write.1.tlog
c:\users\menglima\documents\school\junior\semester 2\applied programming concepts\5_implementation\assignment5\debug\assignment5.tlog\link.2736.read.1.tlog
c:\users\menglima\documents\school\junior\semester 2\applied programming concepts\5_implementation\assignment5\debug\assignment5.tlog\link.2736.write.1.tlog
c:\users\menglima\documents\school\junior\semester 2\applied programming concepts\5_implementation\assignment5\debug\assignment5.tlog\link.command.1.tlog
c:\users\menglima\documents\school\junior\semester 2\applied programming concepts\5_implementation\assignment5\debug\assignment5.tlog\link.read.1.tlog
c:\users\menglima\documents\school\junior\semester 2\applied programming concepts\5_implementation\assignment5\debug\assignment5.tlog\link.write.1.tlog
