  main.cpp
C:\Users\menglima\Documents\School\Junior\Semester 2\Applied Programming Concepts\5_Implementation\Assignment5\main.cpp(31,23): error C4430: missing type specifier - int assumed. Note: C++ does not support default-int
C:\Users\menglima\Documents\School\Junior\Semester 2\Applied Programming Concepts\5_Implementation\Assignment5\main.cpp(31,11): error C2146: syntax error: missing ';' before identifier 'studentlogin'
C:\Users\menglima\Documents\School\Junior\Semester 2\Applied Programming Concepts\5_Implementation\Assignment5\main.cpp(32,1): error C2143: syntax error: missing ';' before '{'
C:\Users\menglima\Documents\School\Junior\Semester 2\Applied Programming Concepts\5_Implementation\Assignment5\main.cpp(32,1): error C2447: '{': missing function header (old-style formal list?)
C:\Users\menglima\Documents\School\Junior\Semester 2\Applied Programming Concepts\5_Implementation\Assignment5\main.cpp(47,17): error C4430: missing type specifier - int assumed. Note: C++ does not support default-int
C:\Users\menglima\Documents\School\Junior\Semester 2\Applied Programming Concepts\5_Implementation\Assignment5\main.cpp(47,11): error C2146: syntax error: missing ';' before identifier 'course'
C:\Users\menglima\Documents\School\Junior\Semester 2\Applied Programming Concepts\5_Implementation\Assignment5\main.cpp(48,1): error C2143: syntax error: missing ';' before '{'
C:\Users\menglima\Documents\School\Junior\Semester 2\Applied Programming Concepts\5_Implementation\Assignment5\main.cpp(48,1): error C2447: '{': missing function header (old-style formal list?)
C:\Users\menglima\Documents\School\Junior\Semester 2\Applied Programming Concepts\5_Implementation\Assignment5\main.cpp(65,24): error C4430: missing type specifier - int assumed. Note: C++ does not support default-int
C:\Users\menglima\Documents\School\Junior\Semester 2\Applied Programming Concepts\5_Implementation\Assignment5\main.cpp(65,14): error C2146: syntax error: missing ';' before identifier 'instructor'
C:\Users\menglima\Documents\School\Junior\Semester 2\Applied Programming Concepts\5_Implementation\Assignment5\main.cpp(66,1): error C2143: syntax error: missing ';' before '{'
C:\Users\menglima\Documents\School\Junior\Semester 2\Applied Programming Concepts\5_Implementation\Assignment5\main.cpp(66,1): error C2447: '{': missing function header (old-style formal list?)
C:\Users\menglima\Documents\School\Junior\Semester 2\Applied Programming Concepts\5_Implementation\Assignment5\main.cpp(83,14): error C4430: missing type specifier - int assumed. Note: C++ does not support default-int
C:\Users\menglima\Documents\School\Junior\Semester 2\Applied Programming Concepts\5_Implementation\Assignment5\main.cpp(83,9): error C2146: syntax error: missing ';' before identifier 'admin'
C:\Users\menglima\Documents\School\Junior\Semester 2\Applied Programming Concepts\5_Implementation\Assignment5\main.cpp(84,1): error C2143: syntax error: missing ';' before '{'
C:\Users\menglima\Documents\School\Junior\Semester 2\Applied Programming Concepts\5_Implementation\Assignment5\main.cpp(84,1): error C2447: '{': missing function header (old-style formal list?)
C:\Users\menglima\Documents\School\Junior\Semester 2\Applied Programming Concepts\5_Implementation\Assignment5\main.cpp(349,15): error C2146: syntax error: missing ';' before identifier 'student'
C:\Users\menglima\Documents\School\Junior\Semester 2\Applied Programming Concepts\5_Implementation\Assignment5\main.cpp(349,15): error C3861: 'student': identifier not found
C:\Users\menglima\Documents\School\Junior\Semester 2\Applied Programming Concepts\5_Implementation\Assignment5\main.cpp(350,18): error C2146: syntax error: missing ';' before identifier 'instructor'
C:\Users\menglima\Documents\School\Junior\Semester 2\Applied Programming Concepts\5_Implementation\Assignment5\main.cpp(350,18): error C3861: 'instructor': identifier not found
C:\Users\menglima\Documents\School\Junior\Semester 2\Applied Programming Concepts\5_Implementation\Assignment5\main.cpp(351,13): error C2146: syntax error: missing ';' before identifier 'admin'
C:\Users\menglima\Documents\School\Junior\Semester 2\Applied Programming Concepts\5_Implementation\Assignment5\main.cpp(351,13): error C3861: 'admin': identifier not found
C:\Users\menglima\Documents\School\Junior\Semester 2\Applied Programming Concepts\5_Implementation\Assignment5\main.cpp(403,17): error C2065: 'student': undeclared identifier
C:\Users\menglima\Documents\School\Junior\Semester 2\Applied Programming Concepts\5_Implementation\Assignment5\main.cpp(403,70): error C2065: 'studentlogin': undeclared identifier
C:\Users\menglima\Documents\School\Junior\Semester 2\Applied Programming Concepts\5_Implementation\Assignment5\main.cpp(466,21): error C2065: 'student': undeclared identifier
C:\Users\menglima\Documents\School\Junior\Semester 2\Applied Programming Concepts\5_Implementation\Assignment5\main.cpp(475,21): error C2065: 'student': undeclared identifier
C:\Users\menglima\Documents\School\Junior\Semester 2\Applied Programming Concepts\5_Implementation\Assignment5\main.cpp(482,21): error C2065: 'student': undeclared identifier
C:\Users\menglima\Documents\School\Junior\Semester 2\Applied Programming Concepts\5_Implementation\Assignment5\main.cpp(492,21): error C2065: 'student': undeclared identifier
C:\Users\menglima\Documents\School\Junior\Semester 2\Applied Programming Concepts\5_Implementation\Assignment5\main.cpp(576,21): error C2065: 'instructor': undeclared identifier
C:\Users\menglima\Documents\School\Junior\Semester 2\Applied Programming Concepts\5_Implementation\Assignment5\main.cpp(627,21): error C2065: 'admin': undeclared identifier
C:\Users\menglima\Documents\School\Junior\Semester 2\Applied Programming Concepts\5_Implementation\Assignment5\main.cpp(634,21): error C2065: 'admin': undeclared identifier
C:\Users\menglima\Documents\School\Junior\Semester 2\Applied Programming Concepts\5_Implementation\Assignment5\main.cpp(641,21): error C2065: 'admin': undeclared identifier
C:\Users\menglima\Documents\School\Junior\Semester 2\Applied Programming Concepts\5_Implementation\Assignment5\main.cpp(649,21): error C2065: 'admin': undeclared identifier
